Grape/build/outputs/logs/manifest-merger-debug-report.txt
-- Merging decision tree log ---
manifest
ADDED from src/main/AndroidManifest.xml:2:1-507:12
	xmlns:tools
		ADDED from src/main/AndroidManifest.xml:3:5-51
	xmlns:android
		ADDED from src/main/AndroidManifest.xml:2:11-69
	package
		ADDED from src/main/AndroidManifest.xml:4:5-39
		INJECTED from src/main/AndroidManifest.xml
		INJECTED from src/main/AndroidManifest.xml
	android:versionName
		ADDED from src/main/AndroidManifest.xml:6:5-37
		INJECTED from src/main/AndroidManifest.xml
		INJECTED from src/main/AndroidManifest.xml
	android:versionCode
		ADDED from src/main/AndroidManifest.xml:5:5-28
		INJECTED from src/main/AndroidManifest.xml
		INJECTED from src/main/AndroidManifest.xml
uses-sdk
ADDED from src/main/AndroidManifest.xml:8:5-11:59
MERGED from [Grape:easeUI_CN:unspecified] AndroidManifest.xml:7:5-9:41
MERGED from [com.android.support:support-v4:23.1.0] AndroidManifest.xml:20:5-43
MERGED from [cn.bmob.android:bmob-sdk:3.5.0] AndroidManifest.xml:7:5-9:41
MERGED from [com.yancy.imageselector:imageselector:1.3.3] AndroidManifest.xml:7:5-9:41
MERGED from [com.android.support:appcompat-v7:22.2.1] AndroidManifest.xml:20:5-43
MERGED from [com.android.support:support-v4:23.1.0] AndroidManifest.xml:20:5-43
	android:targetSdkVersion
		ADDED from src/main/AndroidManifest.xml:10:9-38
		INJECTED from src/main/AndroidManifest.xml
		INJECTED from src/main/AndroidManifest.xml
	android:minSdkVersion
		ADDED from src/main/AndroidManifest.xml:9:9-35
		INJECTED from src/main/AndroidManifest.xml
		INJECTED from src/main/AndroidManifest.xml
	tools:overrideLibrary
		ADDED from src/main/AndroidManifest.xml:11:9-56
uses-permission#android.permission.READ_EXTERNAL_STORAGE
ADDED from src/main/AndroidManifest.xml:13:5-80
	android:name
		ADDED from src/main/AndroidManifest.xml:13:22-77
uses-permission#android.permission.VIBRATE
ADDED from src/main/AndroidManifest.xml:14:5-66
	android:name
		ADDED from src/main/AndroidManifest.xml:14:22-63
uses-permission#android.permission.INTERNET
ADDED from src/main/AndroidManifest.xml:15:5-67
	android:name
		ADDED from src/main/AndroidManifest.xml:15:22-64
uses-permission#android.permission.RECORD_AUDIO
ADDED from src/main/AndroidManifest.xml:16:5-71
	android:name
		ADDED from src/main/AndroidManifest.xml:16:22-68
uses-permission#android.permission.CAMERA
ADDED from src/main/AndroidManifest.xml:17:5-65
	android:name
		ADDED from src/main/AndroidManifest.xml:17:22-62
uses-permission#android.permission.ACCESS_NETWORK_STATE
ADDED from src/main/AndroidManifest.xml:18:5-79
	android:name
		ADDED from src/main/AndroidManifest.xml:18:22-76
uses-permission#android.permission.WRITE_EXTERNAL_STORAGE
ADDED from src/main/AndroidManifest.xml:19:5-81
	android:name
		ADDED from src/main/AndroidManifest.xml:19:22-78
uses-permission#android.permission.MOUNT_UNMOUNT_FILESYSTEMS
ADDED from src/main/AndroidManifest.xml:20:5-84
	android:name
		ADDED from src/main/AndroidManifest.xml:20:22-81
uses-permission#android.permission.ACCESS_FINE_LOCATION
ADDED from src/main/AndroidManifest.xml:21:5-79
	android:name
		ADDED from src/main/AndroidManifest.xml:21:22-76
uses-permission#android.permission.GET_TASKS
ADDED from src/main/AndroidManifest.xml:22:5-68
	android:name
		ADDED from src/main/AndroidManifest.xml:22:22-65
uses-permission#android.permission.ACCESS_WIFI_STATE
ADDED from src/main/AndroidManifest.xml:23:5-76
	android:name
		ADDED from src/main/AndroidManifest.xml:23:22-73
uses-permission#android.permission.CHANGE_WIFI_STATE
ADDED from src/main/AndroidManifest.xml:24:5-76
	android:name
		ADDED from src/main/AndroidManifest.xml:24:22-73
uses-permission#android.permission.WAKE_LOCK
ADDED from src/main/AndroidManifest.xml:25:5-68
	android:name
		ADDED from src/main/AndroidManifest.xml:25:22-65
uses-permission#android.permission.MODIFY_AUDIO_SETTINGS
ADDED from src/main/AndroidManifest.xml:26:5-80
	android:name
		ADDED from src/main/AndroidManifest.xml:26:22-77
uses-permission#android.permission.READ_PHONE_STATE
ADDED from src/main/AndroidManifest.xml:27:5-75
	android:name
		ADDED from src/main/AndroidManifest.xml:27:22-72
uses-permission#android.permission.RECEIVE_BOOT_COMPLETED
ADDED from src/main/AndroidManifest.xml:28:5-81
	android:name
		ADDED from src/main/AndroidManifest.xml:28:22-78
uses-permission#android.permission.USE_CREDENTIALS
ADDED from src/main/AndroidManifest.xml:29:5-74
	android:name
		ADDED from src/main/AndroidManifest.xml:29:22-71
uses-permission#com.android.launcher.permission.READ_SETTINGS
ADDED from src/main/AndroidManifest.xml:30:5-85
	android:name
		ADDED from src/main/AndroidManifest.xml:30:22-82
uses-permission#android.permission.BROADCAST_STICKY
ADDED from src/main/AndroidManifest.xml:31:5-75
	android:name
		ADDED from src/main/AndroidManifest.xml:31:22-72
uses-permission#android.permission.WRITE_SETTINGS
ADDED from src/main/AndroidManifest.xml:32:5-73
	android:name
		ADDED from src/main/AndroidManifest.xml:32:22-70
uses-permission#android.permission.REQUEST_IGNORE_BATTERY_OPTIMIZATIONS
ADDED from src/main/AndroidManifest.xml:33:5-95
	android:name
		ADDED from src/main/AndroidManifest.xml:33:22-92
uses-permission#com.google.android.c2dm.permission.RECEIVE
ADDED from src/main/AndroidManifest.xml:36:5-82
	android:name
		ADDED from src/main/AndroidManifest.xml:36:22-79
permission#com.hyphenate.chatuidemo.permission.C2D_MESSAGE
ADDED from src/main/AndroidManifest.xml:38:5-40:47
	android:protectionLevel
		ADDED from src/main/AndroidManifest.xml:40:9-44
	android:name
		ADDED from src/main/AndroidManifest.xml:39:9-71
uses-permission#com.hyphenate.chatuidemo.permission.C2D_MESSAGE
ADDED from src/main/AndroidManifest.xml:42:5-87
	android:name
		ADDED from src/main/AndroidManifest.xml:42:22-84
permission#com.hyphenate.chatuidemo.permission.MIPUSH_RECEIVE
ADDED from src/main/AndroidManifest.xml:44:5-46:55
	android:protectionLevel
		ADDED from src/main/AndroidManifest.xml:46:9-52
	android:name
		ADDED from src/main/AndroidManifest.xml:45:9-74
uses-permission#com.hyphenate.chatuidemo.permission.MIPUSH_RECEIVE
ADDED from src/main/AndroidManifest.xml:48:5-90
	android:name
		ADDED from src/main/AndroidManifest.xml:48:22-87
application
ADDED from src/main/AndroidManifest.xml:51:5-505:19
MERGED from [com.android.support:support-v4:23.1.0] AndroidManifest.xml:22:5-20
MERGED from [cn.bmob.android:bmob-sdk:3.5.0] AndroidManifest.xml:11:5-14:19
MERGED from [com.yancy.imageselector:imageselector:1.3.3] AndroidManifest.xml:11:5-18:19
MERGED from [com.android.support:appcompat-v7:22.2.1] AndroidManifest.xml:22:5-20
MERGED from [com.android.support:support-v4:23.1.0] AndroidManifest.xml:22:5-20
	android:supportsRtl
		ADDED from [cn.bmob.android:bmob-sdk:3.5.0] AndroidManifest.xml:13:9-35
	android:label
		ADDED from src/main/AndroidManifest.xml:55:9-41
	android:allowBackup
		ADDED from src/main/AndroidManifest.xml:53:9-35
	android:icon
		ADDED from src/main/AndroidManifest.xml:54:9-48
	android:name
		ADDED from src/main/AndroidManifest.xml:52:9-40
activity#com.hyphenate.chatuidemo.ui.MainActivity
ADDED from src/main/AndroidManifest.xml:56:9-61:55
	android:windowSoftInputMode
		ADDED from src/main/AndroidManifest.xml:61:13-52
	android:screenOrientation
		ADDED from src/main/AndroidManifest.xml:59:13-49
	android:theme
		ADDED from src/main/AndroidManifest.xml:60:13-52
	android:name
		ADDED from src/main/AndroidManifest.xml:57:13-44
	android:launchMode
		ADDED from src/main/AndroidManifest.xml:58:13-44
activity#com.hyphenate.chatuidemo.ui.SplashActivity
ADDED from src/main/AndroidManifest.xml:64:9-73:20
	android:screenOrientation
		ADDED from src/main/AndroidManifest.xml:66:13-49
	android:theme
		ADDED from src/main/AndroidManifest.xml:67:13-52
	android:name
		ADDED from src/main/AndroidManifest.xml:65:13-46
intent-filter#android.intent.action.MAIN+android.intent.category.LAUNCHER
ADDED from src/main/AndroidManifest.xml:68:13-72:29
action#android.intent.action.MAIN
ADDED from src/main/AndroidManifest.xml:69:17-69
	android:name
		ADDED from src/main/AndroidManifest.xml:69:25-66
category#android.intent.category.LAUNCHER
ADDED from src/main/AndroidManifest.xml:71:17-77
	android:name
		ADDED from src/main/AndroidManifest.xml:71:27-74
activity#com.hyphenate.chatuidemo.ui.LoginActivity
ADDED from src/main/AndroidManifest.xml:76:9-80:71
	android:windowSoftInputMode
		ADDED from src/main/AndroidManifest.xml:80:13-68
	android:screenOrientation
		ADDED from src/main/AndroidManifest.xml:78:13-49
	android:theme
		ADDED from src/main/AndroidManifest.xml:79:13-52
	android:name
		ADDED from src/main/AndroidManifest.xml:77:13-45
activity#com.hyphenate.chatuidemo.ui.RegisterActivity
ADDED from src/main/AndroidManifest.xml:83:9-87:71
	android:windowSoftInputMode
		ADDED from src/main/AndroidManifest.xml:87:13-68
	android:screenOrientation
		ADDED from src/main/AndroidManifest.xml:85:13-49
	android:theme
		ADDED from src/main/AndroidManifest.xml:86:13-52
	android:name
		ADDED from src/main/AndroidManifest.xml:84:13-48
activity#com.hyphenate.chatuidemo.ui.ChatActivity
ADDED from src/main/AndroidManifest.xml:89:9-94:58
	android:windowSoftInputMode
		ADDED from src/main/AndroidManifest.xml:94:13-55
	android:screenOrientation
		ADDED from src/main/AndroidManifest.xml:92:13-49
	android:theme
		ADDED from src/main/AndroidManifest.xml:93:13-52
	android:name
		ADDED from src/main/AndroidManifest.xml:90:13-44
	android:launchMode
		ADDED from src/main/AndroidManifest.xml:91:13-44
activity#com.hyphenate.chatuidemo.ui.AddContactActivity
ADDED from src/main/AndroidManifest.xml:96:9-100:58
	android:windowSoftInputMode
		ADDED from src/main/AndroidManifest.xml:100:13-55
	android:screenOrientation
		ADDED from src/main/AndroidManifest.xml:98:13-49
	android:theme
		ADDED from src/main/AndroidManifest.xml:99:13-52
	android:name
		ADDED from src/main/AndroidManifest.xml:97:13-50
activity#com.hyphenate.chatuidemo.ui.GroupDetailsActivity
ADDED from src/main/AndroidManifest.xml:102:9-105:55
	android:screenOrientation
		ADDED from src/main/AndroidManifest.xml:104:13-49
	android:theme
		ADDED from src/main/AndroidManifest.xml:105:13-52
	android:name
		ADDED from src/main/AndroidManifest.xml:103:13-52
activity#com.hyphenate.chatuidemo.ui.GroupsActivity
ADDED from src/main/AndroidManifest.xml:107:9-111:55
	android:windowSoftInputMode
		ADDED from src/main/AndroidManifest.xml:111:13-52
	android:screenOrientation
		ADDED from src/main/AndroidManifest.xml:109:13-49
	android:theme
		ADDED from src/main/AndroidManifest.xml:110:13-52
	android:name
		ADDED from src/main/AndroidManifest.xml:108:13-46
activity#com.hyphenate.chatuidemo.ui.ChatRoomDetailsActivity
ADDED from src/main/AndroidManifest.xml:114:9-117:55
	android:screenOrientation
		ADDED from src/main/AndroidManifest.xml:116:13-49
	android:theme
		ADDED from src/main/AndroidManifest.xml:117:13-52
	android:name
		ADDED from src/main/AndroidManifest.xml:115:13-55
activity#com.hyphenate.chatuidemo.ui.NewGroupActivity
ADDED from src/main/AndroidManifest.xml:120:9-124:55
	android:windowSoftInputMode
		ADDED from src/main/AndroidManifest.xml:124:13-52
	android:screenOrientation
		ADDED from src/main/AndroidManifest.xml:122:13-49
	android:theme
		ADDED from src/main/AndroidManifest.xml:123:13-52
	android:name
		ADDED from src/main/AndroidManifest.xml:121:13-48
activity#com.hyphenate.chatuidemo.ui.ExitGroupDialog
ADDED from src/main/AndroidManifest.xml:126:9-129:58
	android:screenOrientation
		ADDED from src/main/AndroidManifest.xml:128:13-49
	android:theme
		ADDED from src/main/AndroidManifest.xml:129:13-55
	android:name
		ADDED from src/main/AndroidManifest.xml:127:13-47
activity#com.hyphenate.chatuidemo.ui.GroupPickContactsActivity
ADDED from src/main/AndroidManifest.xml:131:9-135:55
	android:windowSoftInputMode
		ADDED from src/main/AndroidManifest.xml:135:13-52
	android:screenOrientation
		ADDED from src/main/AndroidManifest.xml:133:13-49
	android:theme
		ADDED from src/main/AndroidManifest.xml:134:13-52
	android:name
		ADDED from src/main/AndroidManifest.xml:132:13-57
activity#com.hyphenate.chatuidemo.ui.PickAtUserActivity
ADDED from src/main/AndroidManifest.xml:136:9-139:55
	android:screenOrientation
		ADDED from src/main/AndroidManifest.xml:138:13-49
	android:theme
		ADDED from src/main/AndroidManifest.xml:139:13-52
	android:name
		ADDED from src/main/AndroidManifest.xml:137:13-50
activity#com.hyphenate.easeui.ui.EaseBaiduMapActivity
ADDED from src/main/AndroidManifest.xml:141:9-144:55
	android:screenOrientation
		ADDED from src/main/AndroidManifest.xml:143:13-49
	android:theme
		ADDED from src/main/AndroidManifest.xml:144:13-52
	android:name
		ADDED from src/main/AndroidManifest.xml:142:13-72
activity#com.hyphenate.chatuidemo.ui.MarketActivity
ADDED from src/main/AndroidManifest.xml:147:9-150:55
	android:screenOrientation
		ADDED from src/main/AndroidManifest.xml:149:13-49
	android:theme
		ADDED from src/main/AndroidManifest.xml:150:13-52
	android:name
		ADDED from src/main/AndroidManifest.xml:148:13-46
activity#com.hyphenate.chatuidemo.ui.NewPostActivity
ADDED from src/main/AndroidManifest.xml:153:9-156:55
	android:screenOrientation
		ADDED from src/main/AndroidManifest.xml:155:13-49
	android:theme
		ADDED from src/main/AndroidManifest.xml:156:13-52
	android:name
		ADDED from src/main/AndroidManifest.xml:154:13-47
activity#com.hyphenate.chatuidemo.ui.PhotoDetailActivity
ADDED from src/main/AndroidManifest.xml:159:9-161:54
	android:screenOrientation
		ADDED from src/main/AndroidManifest.xml:160:13-49
	android:theme
		ADDED from src/main/AndroidManifest.xml:161:13-52
	android:name
		ADDED from src/main/AndroidManifest.xml:159:19-57
activity#com.hyphenate.chatuidemo.ui.NewFriendsMsgActivity
ADDED from src/main/AndroidManifest.xml:164:9-167:55
	android:screenOrientation
		ADDED from src/main/AndroidManifest.xml:166:13-49
	android:theme
		ADDED from src/main/AndroidManifest.xml:167:13-52
	android:name
		ADDED from src/main/AndroidManifest.xml:165:13-53
activity#com.hyphenate.chatuidemo.ui.ForwardMessageActivity
ADDED from src/main/AndroidManifest.xml:169:9-173:55
	android:windowSoftInputMode
		ADDED from src/main/AndroidManifest.xml:173:13-52
	android:screenOrientation
		ADDED from src/main/AndroidManifest.xml:171:13-49
	android:theme
		ADDED from src/main/AndroidManifest.xml:172:13-52
	android:name
		ADDED from src/main/AndroidManifest.xml:170:13-54
activity#com.hyphenate.chatuidemo.ui.ContextMenuActivity
ADDED from src/main/AndroidManifest.xml:175:9-178:52
	android:screenOrientation
		ADDED from src/main/AndroidManifest.xml:177:13-49
	android:theme
		ADDED from src/main/AndroidManifest.xml:178:13-49
	android:name
		ADDED from src/main/AndroidManifest.xml:176:13-51
activity#com.hyphenate.easeui.ui.EaseShowBigImageActivity
ADDED from src/main/AndroidManifest.xml:180:9-183:55
	android:screenOrientation
		ADDED from src/main/AndroidManifest.xml:182:13-49
	android:theme
		ADDED from src/main/AndroidManifest.xml:183:13-52
	android:name
		ADDED from src/main/AndroidManifest.xml:181:13-76
activity#com.hyphenate.easeui.ui.EaseShowNormalFileActivity
ADDED from src/main/AndroidManifest.xml:185:9-188:55
	android:screenOrientation
		ADDED from src/main/AndroidManifest.xml:187:13-49
	android:theme
		ADDED from src/main/AndroidManifest.xml:188:13-52
	android:name
		ADDED from src/main/AndroidManifest.xml:186:13-78
activity#com.hyphenate.chatuidemo.ui.BlacklistActivity
ADDED from src/main/AndroidManifest.xml:190:9-193:55
	android:screenOrientation
		ADDED from src/main/AndroidManifest.xml:192:13-49
	android:theme
		ADDED from src/main/AndroidManifest.xml:193:13-52
	android:name
		ADDED from src/main/AndroidManifest.xml:191:13-49
activity#com.hyphenate.chatuidemo.ui.PublicGroupsActivity
ADDED from src/main/AndroidManifest.xml:196:9-200:55
	android:windowSoftInputMode
		ADDED from src/main/AndroidManifest.xml:200:13-52
	android:screenOrientation
		ADDED from src/main/AndroidManifest.xml:198:13-49
	android:theme
		ADDED from src/main/AndroidManifest.xml:199:13-52
	android:name
		ADDED from src/main/AndroidManifest.xml:197:13-52
activity#com.hyphenate.chatuidemo.ui.PublicChatRoomsActivity
ADDED from src/main/AndroidManifest.xml:201:9-205:55
	android:windowSoftInputMode
		ADDED from src/main/AndroidManifest.xml:205:13-52
	android:screenOrientation
		ADDED from src/main/AndroidManifest.xml:203:13-49
	android:theme
		ADDED from src/main/AndroidManifest.xml:204:13-52
	android:name
		ADDED from src/main/AndroidManifest.xml:202:13-55
activity#com.hyphenate.chatuidemo.ui.VoiceCallActivity
ADDED from src/main/AndroidManifest.xml:208:9-212:51
	android:screenOrientation
		ADDED from src/main/AndroidManifest.xml:211:13-49
	android:theme
		ADDED from src/main/AndroidManifest.xml:212:13-48
	android:name
		ADDED from src/main/AndroidManifest.xml:209:13-49
	android:launchMode
		ADDED from src/main/AndroidManifest.xml:210:13-44
activity#com.hyphenate.chatuidemo.ui.VideoCallActivity
ADDED from src/main/AndroidManifest.xml:214:9-219:55
	android:screenOrientation
		ADDED from src/main/AndroidManifest.xml:218:13-49
	android:configChanges
		ADDED from src/main/AndroidManifest.xml:216:13-74
	android:theme
		ADDED from src/main/AndroidManifest.xml:219:13-52
	android:name
		ADDED from src/main/AndroidManifest.xml:215:13-49
	android:launchMode
		ADDED from src/main/AndroidManifest.xml:217:13-44
activity#com.hyphenate.chatuidemo.ui.GroupSimpleDetailActivity
ADDED from src/main/AndroidManifest.xml:221:9-224:55
	android:screenOrientation
		ADDED from src/main/AndroidManifest.xml:223:13-49
	android:theme
		ADDED from src/main/AndroidManifest.xml:224:13-52
	android:name
		ADDED from src/main/AndroidManifest.xml:222:13-57
activity#com.hyphenate.chatuidemo.ui.GroupBlacklistActivity
ADDED from src/main/AndroidManifest.xml:226:9-229:55
	android:screenOrientation
		ADDED from src/main/AndroidManifest.xml:228:13-49
	android:theme
		ADDED from src/main/AndroidManifest.xml:229:13-52
	android:name
		ADDED from src/main/AndroidManifest.xml:227:13-54
activity#com.hyphenate.chatuidemo.ui.GroupSearchMessageActivity
ADDED from src/main/AndroidManifest.xml:230:9-234:58
	android:windowSoftInputMode
		ADDED from src/main/AndroidManifest.xml:234:13-55
	android:screenOrientation
		ADDED from src/main/AndroidManifest.xml:232:13-49
	android:theme
		ADDED from src/main/AndroidManifest.xml:233:13-52
	android:name
		ADDED from src/main/AndroidManifest.xml:231:13-58
activity#com.hyphenate.chatuidemo.ui.PublicGroupsSeachActivity
ADDED from src/main/AndroidManifest.xml:235:9-238:55
	android:screenOrientation
		ADDED from src/main/AndroidManifest.xml:237:13-49
	android:theme
		ADDED from src/main/AndroidManifest.xml:238:13-52
	android:name
		ADDED from src/main/AndroidManifest.xml:236:13-57
activity#com.hyphenate.chatuidemo.ui.EditActivity
ADDED from src/main/AndroidManifest.xml:239:9-243:58
	android:windowSoftInputMode
		ADDED from src/main/AndroidManifest.xml:243:13-55
	android:screenOrientation
		ADDED from src/main/AndroidManifest.xml:241:13-49
	android:theme
		ADDED from src/main/AndroidManifest.xml:242:13-52
	android:name
		ADDED from src/main/AndroidManifest.xml:240:13-44
activity#com.hyphenate.easeui.ui.EaseShowVideoActivity
ADDED from src/main/AndroidManifest.xml:244:9-248:63
	android:windowSoftInputMode
		ADDED from src/main/AndroidManifest.xml:248:13-60
	android:screenOrientation
		ADDED from src/main/AndroidManifest.xml:246:13-49
	android:theme
		ADDED from src/main/AndroidManifest.xml:247:13-52
	android:name
		ADDED from src/main/AndroidManifest.xml:245:13-73
activity#com.hyphenate.chatuidemo.ui.ImageGridActivity
ADDED from src/main/AndroidManifest.xml:250:9-254:63
	android:windowSoftInputMode
		ADDED from src/main/AndroidManifest.xml:254:13-60
	android:screenOrientation
		ADDED from src/main/AndroidManifest.xml:252:13-49
	android:theme
		ADDED from src/main/AndroidManifest.xml:253:13-52
	android:name
		ADDED from src/main/AndroidManifest.xml:251:13-49
activity#com.hyphenate.chatuidemo.ui.RecorderVideoActivity
ADDED from src/main/AndroidManifest.xml:255:9-259:63
	android:windowSoftInputMode
		ADDED from src/main/AndroidManifest.xml:259:13-60
	android:screenOrientation
		ADDED from src/main/AndroidManifest.xml:257:13-49
	android:theme
		ADDED from src/main/AndroidManifest.xml:258:13-52
	android:name
		ADDED from src/main/AndroidManifest.xml:256:13-53
activity#com.hyphenate.chatuidemo.ui.DiagnoseActivity
ADDED from src/main/AndroidManifest.xml:261:9-265:63
	android:windowSoftInputMode
		ADDED from src/main/AndroidManifest.xml:265:13-60
	android:screenOrientation
		ADDED from src/main/AndroidManifest.xml:263:13-49
	android:theme
		ADDED from src/main/AndroidManifest.xml:264:13-52
	android:name
		ADDED from src/main/AndroidManifest.xml:262:13-48
activity#com.hyphenate.chatuidemo.ui.OfflinePushNickActivity
ADDED from src/main/AndroidManifest.xml:268:9-272:63
	android:windowSoftInputMode
		ADDED from src/main/AndroidManifest.xml:272:13-60
	android:screenOrientation
		ADDED from src/main/AndroidManifest.xml:270:13-49
	android:theme
		ADDED from src/main/AndroidManifest.xml:271:13-52
	android:name
		ADDED from src/main/AndroidManifest.xml:269:13-55
activity#com.hyphenate.chatuidemo.ui.UserProfileActivity
ADDED from src/main/AndroidManifest.xml:275:9-278:55
	android:screenOrientation
		ADDED from src/main/AndroidManifest.xml:277:13-49
	android:theme
		ADDED from src/main/AndroidManifest.xml:278:13-52
	android:name
		ADDED from src/main/AndroidManifest.xml:276:13-51
activity#com.hyphenate.chatuidemo.ui.SetServersActivity
ADDED from src/main/AndroidManifest.xml:279:9-282:55
	android:screenOrientation
		ADDED from src/main/AndroidManifest.xml:281:13-49
	android:theme
		ADDED from src/main/AndroidManifest.xml:282:13-52
	android:name
		ADDED from src/main/AndroidManifest.xml:280:13-50
receiver#com.hyphenate.chatuidemo.receiver.StartServiceReceiver
ADDED from src/main/AndroidManifest.xml:352:9-359:20
	android:name
		ADDED from src/main/AndroidManifest.xml:352:19-64
intent-filter#android.intent.action.BOOT_COMPLETED+android.intent.action.QUICKBOOT_POWERON+android.intent.category.LAUNCHER
ADDED from src/main/AndroidManifest.xml:353:13-358:29
	android:priority
		ADDED from src/main/AndroidManifest.xml:353:28-51
action#android.intent.action.BOOT_COMPLETED
ADDED from src/main/AndroidManifest.xml:354:17-79
	android:name
		ADDED from src/main/AndroidManifest.xml:354:25-76
action#android.intent.action.QUICKBOOT_POWERON
ADDED from src/main/AndroidManifest.xml:355:17-82
	android:name
		ADDED from src/main/AndroidManifest.xml:355:25-79
receiver#com.hyphenate.chat.EMGCMBroadcastReceiver
ADDED from src/main/AndroidManifest.xml:362:9-371:20
	android:exported
		ADDED from src/main/AndroidManifest.xml:364:13-36
	android:permission
		ADDED from src/main/AndroidManifest.xml:365:13-73
	android:name
		ADDED from src/main/AndroidManifest.xml:363:13-69
intent-filter#com.google.android.c2dm.intent.RECEIVE+com.hyphenate.chatuidemo
ADDED from src/main/AndroidManifest.xml:366:13-370:29
action#com.google.android.c2dm.intent.RECEIVE
ADDED from src/main/AndroidManifest.xml:367:17-81
	android:name
		ADDED from src/main/AndroidManifest.xml:367:25-78
category#com.hyphenate.chatuidemo
ADDED from src/main/AndroidManifest.xml:369:17-69
	android:name
		ADDED from src/main/AndroidManifest.xml:369:27-66
service#com.hyphenate.chat.EMGCMListenerService
ADDED from src/main/AndroidManifest.xml:373:9-375:40
	android:exported
		ADDED from src/main/AndroidManifest.xml:375:13-37
	android:name
		ADDED from src/main/AndroidManifest.xml:374:13-67
receiver#com.hyphenate.chatuidemo.receiver.GCMPushBroadCast
ADDED from src/main/AndroidManifest.xml:377:9-385:20
	android:exported
		ADDED from src/main/AndroidManifest.xml:379:13-37
	android:name
		ADDED from src/main/AndroidManifest.xml:378:13-54
intent-filter#com.hyphenate.chatuidemo+com.hyphenate.sdk.push
ADDED from src/main/AndroidManifest.xml:380:13-384:29
action#com.hyphenate.sdk.push
ADDED from src/main/AndroidManifest.xml:381:17-65
	android:name
		ADDED from src/main/AndroidManifest.xml:381:25-62
service#com.xiaomi.mipush.sdk.PushMessageHandler
ADDED from src/main/AndroidManifest.xml:390:9-394:46
	android:exported
		ADDED from src/main/AndroidManifest.xml:393:13-36
	android:enabled
		ADDED from src/main/AndroidManifest.xml:392:13-35
	android:name
		ADDED from src/main/AndroidManifest.xml:391:13-68
	tools:ignore
		ADDED from src/main/AndroidManifest.xml:394:13-43
service#com.xiaomi.mipush.sdk.MessageHandleService
ADDED from src/main/AndroidManifest.xml:395:9-397:38
	android:enabled
		ADDED from src/main/AndroidManifest.xml:397:13-35
	android:name
		ADDED from src/main/AndroidManifest.xml:396:13-70
receiver#com.hyphenate.chat.EMMipushReceiver
ADDED from src/main/AndroidManifest.xml:399:9-412:20
	android:exported
		ADDED from src/main/AndroidManifest.xml:401:13-36
	android:name
		ADDED from src/main/AndroidManifest.xml:400:13-63
	tools:ignore
		ADDED from src/main/AndroidManifest.xml:402:13-44
intent-filter#com.xiaomi.mipush.RECEIVE_MESSAGE
ADDED from src/main/AndroidManifest.xml:403:13-405:29
action#com.xiaomi.mipush.RECEIVE_MESSAGE
ADDED from src/main/AndroidManifest.xml:404:17-76
	android:name
		ADDED from src/main/AndroidManifest.xml:404:25-73
intent-filter#com.xiaomi.mipush.MESSAGE_ARRIVED
ADDED from src/main/AndroidManifest.xml:406:13-408:29
action#com.xiaomi.mipush.MESSAGE_ARRIVED
ADDED from src/main/AndroidManifest.xml:407:17-76
	android:name
		ADDED from src/main/AndroidManifest.xml:407:25-73
intent-filter#com.xiaomi.mipush.ERROR
ADDED from src/main/AndroidManifest.xml:409:13-411:29
action#com.xiaomi.mipush.ERROR
ADDED from src/main/AndroidManifest.xml:410:17-66
	android:name
		ADDED from src/main/AndroidManifest.xml:410:25-63
receiver#com.hyphenate.chat.EMHuaweiPushReceiver
ADDED from src/main/AndroidManifest.xml:417:9-431:20
	android:exported
		ADDED from src/main/AndroidManifest.xml:419:13-36
	android:name
		ADDED from src/main/AndroidManifest.xml:418:13-67
intent-filter#com.huawei.android.push.intent.RECEIVE+com.huawei.android.push.intent.REGISTRATION
ADDED from src/main/AndroidManifest.xml:420:13-426:29
action#com.huawei.android.push.intent.REGISTRATION
ADDED from src/main/AndroidManifest.xml:423:17-86
	android:name
		ADDED from src/main/AndroidManifest.xml:423:25-83
action#com.huawei.android.push.intent.RECEIVE
ADDED from src/main/AndroidManifest.xml:425:17-81
	android:name
		ADDED from src/main/AndroidManifest.xml:425:25-78
meta-data#CS_cloud_ablitity
ADDED from src/main/AndroidManifest.xml:428:13-430:56
	android:name
		ADDED from src/main/AndroidManifest.xml:429:17-49
	android:value
		ADDED from src/main/AndroidManifest.xml:430:17-53
receiver#com.huawei.android.pushagent.PushEventReceiver
ADDED from src/main/AndroidManifest.xml:434:9-444:20
	android:process
		ADDED from src/main/AndroidManifest.xml:437:13-43
	android:exported
		ADDED from src/main/AndroidManifest.xml:436:13-36
	android:name
		ADDED from src/main/AndroidManifest.xml:435:13-74
intent-filter#com.huawei.android.push.PLUGIN+com.huawei.android.push.intent.REFRESH_PUSH_CHANNEL+com.huawei.intent.action.PUSH+com.huawei.intent.action.PUSH_ON
ADDED from src/main/AndroidManifest.xml:438:13-443:29
action#com.huawei.android.push.intent.REFRESH_PUSH_CHANNEL
ADDED from src/main/AndroidManifest.xml:439:17-94
	android:name
		ADDED from src/main/AndroidManifest.xml:439:25-91
action#com.huawei.intent.action.PUSH
ADDED from src/main/AndroidManifest.xml:440:17-72
	android:name
		ADDED from src/main/AndroidManifest.xml:440:25-69
action#com.huawei.intent.action.PUSH_ON
ADDED from src/main/AndroidManifest.xml:441:17-75
	android:name
		ADDED from src/main/AndroidManifest.xml:441:25-72
action#com.huawei.android.push.PLUGIN
ADDED from src/main/AndroidManifest.xml:442:17-73
	android:name
		ADDED from src/main/AndroidManifest.xml:442:25-70
service#com.huawei.android.pushagent.PushService
ADDED from src/main/AndroidManifest.xml:447:9-449:46
	android:process
		ADDED from src/main/AndroidManifest.xml:449:13-43
	android:name
		ADDED from src/main/AndroidManifest.xml:448:13-68
service#com.umeng.update.net.DownloadingService
ADDED from src/main/AndroidManifest.xml:453:9-455:53
	android:process
		ADDED from src/main/AndroidManifest.xml:455:13-50
	android:name
		ADDED from src/main/AndroidManifest.xml:454:13-67
activity#com.umeng.update.UpdateDialogActivity
ADDED from src/main/AndroidManifest.xml:457:9-459:75
	android:theme
		ADDED from src/main/AndroidManifest.xml:459:13-72
	android:name
		ADDED from src/main/AndroidManifest.xml:458:13-65
meta-data#EASEMOB_APPKEY
ADDED from src/main/AndroidManifest.xml:462:9-464:57
	android:name
		ADDED from src/main/AndroidManifest.xml:463:13-42
	android:value
		ADDED from src/main/AndroidManifest.xml:464:13-54
service#com.hyphenate.chat.EMChatService
ADDED from src/main/AndroidManifest.xml:466:9-469:46
	android:exported
		ADDED from src/main/AndroidManifest.xml:468:13-36
	android:name
		ADDED from src/main/AndroidManifest.xml:467:13-60
	tools:ignore
		ADDED from src/main/AndroidManifest.xml:469:13-43
service#com.hyphenate.chat.EMJobService
ADDED from src/main/AndroidManifest.xml:470:9-473:72
	android:exported
		ADDED from src/main/AndroidManifest.xml:472:13-36
	android:permission
		ADDED from src/main/AndroidManifest.xml:473:13-69
	android:name
		ADDED from src/main/AndroidManifest.xml:471:13-59
receiver#com.hyphenate.chat.EMMonitorReceiver
ADDED from src/main/AndroidManifest.xml:476:9-487:20
	android:name
		ADDED from src/main/AndroidManifest.xml:476:19-70
intent-filter#android.intent.action.PACKAGE_REMOVED
ADDED from src/main/AndroidManifest.xml:477:13-481:29
action#android.intent.action.PACKAGE_REMOVED
ADDED from src/main/AndroidManifest.xml:478:17-80
	android:name
		ADDED from src/main/AndroidManifest.xml:478:25-77
data
ADDED from src/main/AndroidManifest.xml:480:17-50
	android:scheme
		ADDED from src/main/AndroidManifest.xml:480:23-47
intent-filter#android.intent.action.BOOT_COMPLETED+android.intent.action.USER_PRESENT
ADDED from src/main/AndroidManifest.xml:483:13-486:29
action#android.intent.action.USER_PRESENT